2017-09-26 09:33:46.110  INFO 1191 --- [main] com.scoprion.MallApplicationTests        : Starting MallApplicationTests on KunlundeMacBook-Pro.local with PID 1191 (/Users/kunlun/Desktop/mall/target/test-classes started by kunlun in /Users/kunlun/Desktop/mall)
2017-09-26 09:33:46.111  INFO 1191 --- [main] com.scoprion.MallApplicationTests        : No active profile set, falling back to default profiles: default
2017-09-26 09:33:47.928  WARN 1191 --- [main] o.m.s.mapper.ClassPathMapperScanner      : No MyBatis mapper was found in '[com.scoprion]' package. Please check your configuration.
2017-09-26 09:33:50.523  INFO 1191 --- [main] com.scoprion.MallApplicationTests        : Started MallApplicationTests in 5.337 seconds (JVM running for 7.198)
2017-09-26 10:37:14.098  INFO 1764 --- [main] com.scoprion.MallApplication             : Starting MallApplication on KunlundeMacBook-Pro.local with PID 1764 (/Users/kunlun/Desktop/mall/target/classes started by kunlun in /Users/kunlun/Desktop/mall)
2017-09-26 10:37:14.118  INFO 1764 --- [main] com.scoprion.MallApplication             : No active profile set, falling back to default profiles: default
2017-09-26 10:37:15.355  WARN 1764 --- [main] o.m.s.mapper.ClassPathMapperScanner      : No MyBatis mapper was found in '[com.scoprion]' package. Please check your configuration.
2017-09-26 10:37:16.269  INFO 1764 --- [main] o.apache.catalina.core.StandardService   : Starting service Tomcat
2017-09-26 10:37:16.270  INFO 1764 --- [main] org.apache.catalina.core.StandardEngine  : Starting Servlet Engine: Apache Tomcat/8.0.30
2017-09-26 10:37:16.354  INFO 1764 --- [localhost-startStop-1] o.a.c.c.C.[Tomcat].[localhost].[/]       : Initializing Spring embedded WebApplicationContext
2017-09-26 10:37:18.005  INFO 1764 --- [main] com.scoprion.MallApplication             : Started MallApplication in 4.817 seconds (JVM running for 5.743)
2017-09-26 10:37:35.459  INFO 1764 --- [http-nio-8088-exec-1] o.a.c.c.C.[Tomcat].[localhost].[/]       : Initializing Spring FrameworkServlet 'dispatcherServlet'
2017-09-26 10:37:35.524  INFO 1764 --- [http-nio-8088-exec-1] c.scoprion.intercepter.MallInterceptor   : 请求2..........
2017-09-26 10:37:35.567  INFO 1764 --- [http-nio-8088-exec-1] c.scoprion.intercepter.MallInterceptor   : 请求3..........
2017-09-26 10:38:07.934  INFO 1764 --- [http-nio-8088-exec-4] c.scoprion.intercepter.MallInterceptor   : 请求2..........
2017-09-26 10:38:07.939  INFO 1764 --- [http-nio-8088-exec-4] c.scoprion.intercepter.MallInterceptor   : 请求3..........
2017-09-26 10:38:17.067  INFO 1782 --- [main] com.scoprion.MallApplication             : Starting MallApplication on KunlundeMacBook-Pro.local with PID 1782 (/Users/kunlun/Desktop/mall/target/classes started by kunlun in /Users/kunlun/Desktop/mall)
2017-09-26 10:38:17.074  INFO 1782 --- [main] com.scoprion.MallApplication             : No active profile set, falling back to default profiles: default
2017-09-26 10:38:18.219  WARN 1782 --- [main] o.m.s.mapper.ClassPathMapperScanner      : No MyBatis mapper was found in '[com.scoprion]' package. Please check your configuration.
2017-09-26 10:38:19.458  INFO 1782 --- [main] o.apache.catalina.core.StandardService   : Starting service Tomcat
2017-09-26 10:38:19.459  INFO 1782 --- [main] org.apache.catalina.core.StandardEngine  : Starting Servlet Engine: Apache Tomcat/8.0.30
2017-09-26 10:38:19.564  INFO 1782 --- [localhost-startStop-1] o.a.c.c.C.[Tomcat].[localhost].[/]       : Initializing Spring embedded WebApplicationContext
2017-09-26 10:38:20.995  INFO 1782 --- [main] com.scoprion.MallApplication             : Started MallApplication in 4.461 seconds (JVM running for 5.691)
2017-09-26 10:38:25.345  INFO 1782 --- [http-nio-8088-exec-1] o.a.c.c.C.[Tomcat].[localhost].[/]       : Initializing Spring FrameworkServlet 'dispatcherServlet'
2017-09-26 10:38:25.403  INFO 1782 --- [http-nio-8088-exec-1] c.scoprion.intercepter.MallInterceptor   : 请求2..........
2017-09-26 10:38:25.440  INFO 1782 --- [http-nio-8088-exec-1] c.scoprion.intercepter.MallInterceptor   : 请求3..........
2017-09-26 10:39:47.231  INFO 1800 --- [main] com.scoprion.MallApplication             : Starting MallApplication on KunlundeMacBook-Pro.local with PID 1800 (/Users/kunlun/Desktop/mall/target/classes started by kunlun in /Users/kunlun/Desktop/mall)
2017-09-26 10:39:47.237  INFO 1800 --- [main] com.scoprion.MallApplication             : No active profile set, falling back to default profiles: default
2017-09-26 10:39:48.213  WARN 1800 --- [main] o.m.s.mapper.ClassPathMapperScanner      : No MyBatis mapper was found in '[com.scoprion]' package. Please check your configuration.
2017-09-26 10:39:48.996  INFO 1800 --- [main] o.apache.catalina.core.StandardService   : Starting service Tomcat
2017-09-26 10:39:48.998  INFO 1800 --- [main] org.apache.catalina.core.StandardEngine  : Starting Servlet Engine: Apache Tomcat/8.0.30
2017-09-26 10:39:49.073  INFO 1800 --- [localhost-startStop-1] o.a.c.c.C.[Tomcat].[localhost].[/]       : Initializing Spring embedded WebApplicationContext
2017-09-26 10:39:50.309  INFO 1800 --- [main] com.scoprion.MallApplication             : Started MallApplication in 3.778 seconds (JVM running for 5.12)
2017-09-26 10:39:53.316  INFO 1800 --- [http-nio-8088-exec-1] o.a.c.c.C.[Tomcat].[localhost].[/]       : Initializing Spring FrameworkServlet 'dispatcherServlet'
2017-09-26 10:39:53.362  INFO 1800 --- [http-nio-8088-exec-1] c.scoprion.intercepter.MallInterceptor   : 请求2..........
2017-09-26 10:39:53.395  INFO 1800 --- [http-nio-8088-exec-1] c.scoprion.intercepter.MallInterceptor   : 请求3..........
2017-09-26 10:40:25.509  INFO 1812 --- [main] com.scoprion.MallApplication             : Starting MallApplication on KunlundeMacBook-Pro.local with PID 1812 (/Users/kunlun/Desktop/mall/target/classes started by kunlun in /Users/kunlun/Desktop/mall)
2017-09-26 10:40:25.518  INFO 1812 --- [main] com.scoprion.MallApplication             : No active profile set, falling back to default profiles: default
2017-09-26 10:40:26.806  WARN 1812 --- [main] o.m.s.mapper.ClassPathMapperScanner      : No MyBatis mapper was found in '[com.scoprion]' package. Please check your configuration.
2017-09-26 10:40:27.768  INFO 1812 --- [main] o.apache.catalina.core.StandardService   : Starting service Tomcat
2017-09-26 10:40:27.769  INFO 1812 --- [main] org.apache.catalina.core.StandardEngine  : Starting Servlet Engine: Apache Tomcat/8.0.30
2017-09-26 10:40:27.873  INFO 1812 --- [localhost-startStop-1] o.a.c.c.C.[Tomcat].[localhost].[/]       : Initializing Spring embedded WebApplicationContext
2017-09-26 10:40:29.682  INFO 1812 --- [main] com.scoprion.MallApplication             : Started MallApplication in 4.786 seconds (JVM running for 6.08)
2017-09-26 10:40:35.910  INFO 1812 --- [http-nio-8088-exec-1] o.a.c.c.C.[Tomcat].[localhost].[/]       : Initializing Spring FrameworkServlet 'dispatcherServlet'
2017-09-26 10:40:35.961  INFO 1812 --- [http-nio-8088-exec-1] c.scoprion.intercepter.MallInterceptor   : 请求2..........
2017-09-26 10:40:35.996  INFO 1812 --- [http-nio-8088-exec-1] c.scoprion.intercepter.MallInterceptor   : 请求3..........
2017-09-26 10:43:45.805  INFO 1866 --- [main] com.scoprion.MallApplication             : Starting MallApplication on KunlundeMacBook-Pro.local with PID 1866 (/Users/kunlun/Desktop/mall/target/classes started by kunlun in /Users/kunlun/Desktop/mall)
2017-09-26 10:43:45.812  INFO 1866 --- [main] com.scoprion.MallApplication             : No active profile set, falling back to default profiles: default
2017-09-26 10:43:47.103  WARN 1866 --- [main] o.m.s.mapper.ClassPathMapperScanner      : No MyBatis mapper was found in '[com.scoprion]' package. Please check your configuration.
2017-09-26 10:43:47.890  INFO 1866 --- [main] o.apache.catalina.core.StandardService   : Starting service Tomcat
2017-09-26 10:43:47.891  INFO 1866 --- [main] org.apache.catalina.core.StandardEngine  : Starting Servlet Engine: Apache Tomcat/8.0.30
2017-09-26 10:43:47.960  INFO 1866 --- [localhost-startStop-1] o.a.c.c.C.[Tomcat].[localhost].[/]       : Initializing Spring embedded WebApplicationContext
2017-09-26 10:43:49.752  INFO 1866 --- [main] com.scoprion.MallApplication             : Started MallApplication in 4.719 seconds (JVM running for 5.594)
2017-09-26 10:43:54.554  INFO 1866 --- [http-nio-8088-exec-1] o.a.c.c.C.[Tomcat].[localhost].[/]       : Initializing Spring FrameworkServlet 'dispatcherServlet'
2017-09-26 10:43:54.624  INFO 1866 --- [http-nio-8088-exec-1] c.scoprion.intercepter.MallInterceptor   : 请求2..........
2017-09-26 10:43:54.682  INFO 1866 --- [http-nio-8088-exec-1] c.scoprion.intercepter.MallInterceptor   : 请求3..........
2017-09-26 10:47:30.499  INFO 1897 --- [main] com.scoprion.MallApplication             : Starting MallApplication on KunlundeMacBook-Pro.local with PID 1897 (/Users/kunlun/Desktop/mall/target/classes started by kunlun in /Users/kunlun/Desktop/mall)
2017-09-26 10:47:30.517  INFO 1897 --- [main] com.scoprion.MallApplication             : No active profile set, falling back to default profiles: default
2017-09-26 10:47:31.661  WARN 1897 --- [main] o.m.s.mapper.ClassPathMapperScanner      : No MyBatis mapper was found in '[com.scoprion]' package. Please check your configuration.
2017-09-26 10:47:32.770  INFO 1897 --- [main] o.apache.catalina.core.StandardService   : Starting service Tomcat
2017-09-26 10:47:32.771  INFO 1897 --- [main] org.apache.catalina.core.StandardEngine  : Starting Servlet Engine: Apache Tomcat/8.0.30
2017-09-26 10:47:32.848  INFO 1897 --- [localhost-startStop-1] o.a.c.c.C.[Tomcat].[localhost].[/]       : Initializing Spring embedded WebApplicationContext
2017-09-26 10:47:34.328  INFO 1897 --- [main] com.scoprion.MallApplication             : Started MallApplication in 4.528 seconds (JVM running for 5.341)
2017-09-26 10:47:34.899  INFO 1897 --- [http-nio-8088-exec-1] o.a.c.c.C.[Tomcat].[localhost].[/]       : Initializing Spring FrameworkServlet 'dispatcherServlet'
2017-09-26 10:47:34.982  INFO 1897 --- [http-nio-8088-exec-1] c.scoprion.intercepter.MallInterceptor   : 请求2..........
2017-09-26 10:47:35.035  INFO 1897 --- [http-nio-8088-exec-1] c.scoprion.intercepter.MallInterceptor   : 请求3..........
2017-09-26 10:47:55.100  INFO 1906 --- [main] com.scoprion.MallApplication             : Starting MallApplication on KunlundeMacBook-Pro.local with PID 1906 (/Users/kunlun/Desktop/mall/target/classes started by kunlun in /Users/kunlun/Desktop/mall)
2017-09-26 10:47:55.105  INFO 1906 --- [main] com.scoprion.MallApplication             : No active profile set, falling back to default profiles: default
2017-09-26 10:47:56.409  WARN 1906 --- [main] o.m.s.mapper.ClassPathMapperScanner      : No MyBatis mapper was found in '[com.scoprion]' package. Please check your configuration.
2017-09-26 10:47:57.144  INFO 1906 --- [main] o.apache.catalina.core.StandardService   : Starting service Tomcat
2017-09-26 10:47:57.145  INFO 1906 --- [main] org.apache.catalina.core.StandardEngine  : Starting Servlet Engine: Apache Tomcat/8.0.30
2017-09-26 10:47:57.214  INFO 1906 --- [localhost-startStop-1] o.a.c.c.C.[Tomcat].[localhost].[/]       : Initializing Spring embedded WebApplicationContext
2017-09-26 10:47:58.635  INFO 1906 --- [main] com.scoprion.MallApplication             : Started MallApplication in 4.122 seconds (JVM running for 5.515)
2017-09-26 10:48:00.659  INFO 1906 --- [http-nio-8088-exec-1] o.a.c.c.C.[Tomcat].[localhost].[/]       : Initializing Spring FrameworkServlet 'dispatcherServlet'
2017-09-26 10:48:00.720  INFO 1906 --- [http-nio-8088-exec-1] c.scoprion.intercepter.MallInterceptor   : 请求2..........
2017-09-26 10:48:00.773  INFO 1906 --- [http-nio-8088-exec-1] c.scoprion.intercepter.MallInterceptor   : 请求3..........
